The system is: Linux - 5.15.0-139-generic - x86_64
Compiling the C compiler identification source file "CMakeCCompilerId.c" succeeded.
Compiler: /usr/bin/cc 
Build flags: 
Id flags:  

The output was:
0


Compilation of the C compiler identification source "CMakeCCompilerId.c" produced "a.out"

The C compiler identification is GNU, found in "/home/oaic/prach-agent/build_docker/CMakeFiles/3.16.3/CompilerIdC/a.out"

Compiling the CXX compiler identification source file "CMakeCXXCompilerId.cpp" succeeded.
Compiler: /usr/bin/c++ 
Build flags: 
Id flags:  

The output was:
0


Compilation of the CXX compiler identification source "CMakeCXXCompilerId.cpp" produced "a.out"

The CXX compiler identification is GNU, found in "/home/oaic/prach-agent/build_docker/CMakeFiles/3.16.3/CompilerIdCXX/a.out"

Determining if the C compiler works passed with the following output:
Change Dir: /home/oaic/prach-agent/build_docker/CMakeFiles/CMakeTmp

Run Build Command(s):/usr/bin/make cmTC_8e9ff/fast && /usr/bin/make -f CMakeFiles/cmTC_8e9ff.dir/build.make CMakeFiles/cmTC_8e9ff.dir/build
make[1]: Entering directory '/home/oaic/prach-agent/build_docker/CMakeFiles/CMakeTmp'
Building C object CMakeFiles/cmTC_8e9ff.dir/testCCompiler.c.o
/usr/bin/cc    -o CMakeFiles/cmTC_8e9ff.dir/testCCompiler.c.o   -c /home/oaic/prach-agent/build_docker/CMakeFiles/CMakeTmp/testCCompiler.c
Linking C executable cmTC_8e9ff
/usr/bin/cmake -E cmake_link_script CMakeFiles/cmTC_8e9ff.dir/link.txt --verbose=1
/usr/bin/cc      CMakeFiles/cmTC_8e9ff.dir/testCCompiler.c.o  -o cmTC_8e9ff 
make[1]: Leaving directory '/home/oaic/prach-agent/build_docker/CMakeFiles/CMakeTmp'



Detecting C compiler ABI info compiled with the following output:
Change Dir: /home/oaic/prach-agent/build_docker/CMakeFiles/CMakeTmp

Run Build Command(s):/usr/bin/make cmTC_4fe0b/fast && /usr/bin/make -f CMakeFiles/cmTC_4fe0b.dir/build.make CMakeFiles/cmTC_4fe0b.dir/build
make[1]: Entering directory '/home/oaic/prach-agent/build_docker/CMakeFiles/CMakeTmp'
Building C object CMakeFiles/cmTC_4fe0b.dir/CMakeCCompilerABI.c.o
/usr/bin/cc   -v -o CMakeFiles/cmTC_4fe0b.dir/CMakeCCompilerABI.c.o   -c /usr/share/cmake-3.16/Modules/CMakeCCompilerABI.c
Using built-in specs.
COLLECT_GCC=/usr/bin/cc
Target: x86_64-linux-gnu
Configured with: ../src/configure -v --with-pkgversion='Ubuntu 13.1.0-8ubuntu1~20.04.2' --with-bugurl=file:///usr/share/doc/gcc-13/README.Bugs --enable-languages=c,ada,c++,go,d,fortran,objc,obj-c++,m2,rust --prefix=/usr --with-gcc-major-version-only --program-suffix=-13 --program-prefix=x86_64-linux-gnu- --enable-shared --enable-linker-build-id --libexecdir=/usr/libexec --without-included-gettext --enable-threads=posix --libdir=/usr/lib --enable-nls --enable-clocale=gnu --enable-libstdcxx-debug --enable-libstdcxx-time=yes --with-default-libstdcxx-abi=new --enable-gnu-unique-object --disable-vtable-verify --enable-plugin --enable-default-pie --with-system-zlib --enable-libphobos-checking=release --with-target-system-zlib=auto --enable-objc-gc=auto --enable-multiarch --disable-werror --enable-cet --with-arch-32=i686 --with-abi=m64 --with-multilib-list=m32,m64,mx32 --enable-multilib --with-tune=generic --enable-checking=release --build=x86_64-linux-gnu --host=x86_64-linux-gnu --target=x86_64-linux-gnu
Thread model: posix
Supported LTO compression algorithms: zlib zstd
gcc version 13.1.0 (Ubuntu 13.1.0-8ubuntu1~20.04.2) 
COLLECT_GCC_OPTIONS='-v' '-o' 'CMakeFiles/cmTC_4fe0b.dir/CMakeCCompilerABI.c.o' '-c' '-mtune=generic' '-march=x86-64' '-dumpdir' 'CMakeFiles/cmTC_4fe0b.dir/'
 /usr/libexec/gcc/x86_64-linux-gnu/13/cc1 -quiet -v -imultiarch x86_64-linux-gnu /usr/share/cmake-3.16/Modules/CMakeCCompilerABI.c -quiet -dumpdir CMakeFiles/cmTC_4fe0b.dir/ -dumpbase CMakeCCompilerABI.c.c -dumpbase-ext .c -mtune=generic -march=x86-64 -version -fasynchronous-unwind-tables -fstack-protector-strong -Wformat -Wformat-security -fstack-clash-protection -fcf-protection -o /tmp/cck3qF9F.s
GNU C17 (Ubuntu 13.1.0-8ubuntu1~20.04.2) version 13.1.0 (x86_64-linux-gnu)
	compiled by GNU C version 13.1.0, GMP version 6.2.0, MPFR version 4.0.2, MPC version 1.1.0, isl version isl-0.22.1-GMP

GGC heuristics: --param ggc-min-expand=100 --param ggc-min-heapsize=131072
ignoring nonexistent directory "/usr/local/include/x86_64-linux-gnu"
ignoring nonexistent directory "/usr/lib/gcc/x86_64-linux-gnu/13/include-fixed/x86_64-linux-gnu"
ignoring nonexistent directory "/usr/lib/gcc/x86_64-linux-gnu/13/include-fixed"
ignoring nonexistent directory "/usr/lib/gcc/x86_64-linux-gnu/13/../../../../x86_64-linux-gnu/include"
#include "..." search starts here:
#include <...> search starts here:
 /usr/lib/gcc/x86_64-linux-gnu/13/include
 /usr/local/include
 /usr/include/x86_64-linux-gnu
 /usr/include
End of search list.
Compiler executable checksum: f0b3c90e0f11c3d406d33a12053911f6
COLLECT_GCC_OPTIONS='-v' '-o' 'CMakeFiles/cmTC_4fe0b.dir/CMakeCCompilerABI.c.o' '-c' '-mtune=generic' '-march=x86-64' '-dumpdir' 'CMakeFiles/cmTC_4fe0b.dir/'
 as -v --64 -o CMakeFiles/cmTC_4fe0b.dir/CMakeCCompilerABI.c.o /tmp/cck3qF9F.s
GNU assembler version 2.34 (x86_64-linux-gnu) using BFD version (GNU Binutils for Ubuntu) 2.34
COMPILER_PATH=/usr/libexec/gcc/x86_64-linux-gnu/13/:/usr/libexec/gcc/x86_64-linux-gnu/13/:/usr/libexec/gcc/x86_64-linux-gnu/:/usr/lib/gcc/x86_64-linux-gnu/13/:/usr/lib/gcc/x86_64-linux-gnu/
LIBRARY_PATH=/usr/lib/gcc/x86_64-linux-gnu/13/:/usr/lib/gcc/x86_64-linux-gnu/13/../../../x86_64-linux-gnu/:/usr/lib/gcc/x86_64-linux-gnu/13/../../../../lib/:/lib/x86_64-linux-gnu/:/lib/../lib/:/usr/lib/x86_64-linux-gnu/:/usr/lib/../lib/:/usr/lib/gcc/x86_64-linux-gnu/13/../../../:/lib/:/usr/lib/
COLLECT_GCC_OPTIONS='-v' '-o' 'CMakeFiles/cmTC_4fe0b.dir/CMakeCCompilerABI.c.o' '-c' '-mtune=generic' '-march=x86-64' '-dumpdir' 'CMakeFiles/cmTC_4fe0b.dir/CMakeCCompilerABI.c.'
Linking C executable cmTC_4fe0b
/usr/bin/cmake -E cmake_link_script CMakeFiles/cmTC_4fe0b.dir/link.txt --verbose=1
/usr/bin/cc     -v CMakeFiles/cmTC_4fe0b.dir/CMakeCCompilerABI.c.o  -o cmTC_4fe0b 
Using built-in specs.
COLLECT_GCC=/usr/bin/cc
COLLECT_LTO_WRAPPER=/usr/libexec/gcc/x86_64-linux-gnu/13/lto-wrapper
Target: x86_64-linux-gnu
Configured with: ../src/configure -v --with-pkgversion='Ubuntu 13.1.0-8ubuntu1~20.04.2' --with-bugurl=file:///usr/share/doc/gcc-13/README.Bugs --enable-languages=c,ada,c++,go,d,fortran,objc,obj-c++,m2,rust --prefix=/usr --with-gcc-major-version-only --program-suffix=-13 --program-prefix=x86_64-linux-gnu- --enable-shared --enable-linker-build-id --libexecdir=/usr/libexec --without-included-gettext --enable-threads=posix --libdir=/usr/lib --enable-nls --enable-clocale=gnu --enable-libstdcxx-debug --enable-libstdcxx-time=yes --with-default-libstdcxx-abi=new --enable-gnu-unique-object --disable-vtable-verify --enable-plugin --enable-default-pie --with-system-zlib --enable-libphobos-checking=release --with-target-system-zlib=auto --enable-objc-gc=auto --enable-multiarch --disable-werror --enable-cet --with-arch-32=i686 --with-abi=m64 --with-multilib-list=m32,m64,mx32 --enable-multilib --with-tune=generic --enable-checking=release --build=x86_64-linux-gnu --host=x86_64-linux-gnu --target=x86_64-linux-gnu
Thread model: posix
Supported LTO compression algorithms: zlib zstd
gcc version 13.1.0 (Ubuntu 13.1.0-8ubuntu1~20.04.2) 
COMPILER_PATH=/usr/libexec/gcc/x86_64-linux-gnu/13/:/usr/libexec/gcc/x86_64-linux-gnu/13/:/usr/libexec/gcc/x86_64-linux-gnu/:/usr/lib/gcc/x86_64-linux-gnu/13/:/usr/lib/gcc/x86_64-linux-gnu/
LIBRARY_PATH=/usr/lib/gcc/x86_64-linux-gnu/13/:/usr/lib/gcc/x86_64-linux-gnu/13/../../../x86_64-linux-gnu/:/usr/lib/gcc/x86_64-linux-gnu/13/../../../../lib/:/lib/x86_64-linux-gnu/:/lib/../lib/:/usr/lib/x86_64-linux-gnu/:/usr/lib/../lib/:/usr/lib/gcc/x86_64-linux-gnu/13/../../../:/lib/:/usr/lib/
COLLECT_GCC_OPTIONS='-v' '-o' 'cmTC_4fe0b' '-mtune=generic' '-march=x86-64' '-dumpdir' 'cmTC_4fe0b.'
 /usr/libexec/gcc/x86_64-linux-gnu/13/collect2 -plugin /usr/libexec/gcc/x86_64-linux-gnu/13/liblto_plugin.so -plugin-opt=/usr/libexec/gcc/x86_64-linux-gnu/13/lto-wrapper -plugin-opt=-fresolution=/tmp/cc27U7d8.res -plugin-opt=-pass-through=-lgcc -plugin-opt=-pass-through=-lgcc_s -plugin-opt=-pass-through=-lc -plugin-opt=-pass-through=-lgcc -plugin-opt=-pass-through=-lgcc_s --build-id --eh-frame-hdr -m elf_x86_64 --hash-style=gnu --as-needed -dynamic-linker /lib64/ld-linux-x86-64.so.2 -pie -z now -z relro -o cmTC_4fe0b /usr/lib/gcc/x86_64-linux-gnu/13/../../../x86_64-linux-gnu/Scrt1.o /usr/lib/gcc/x86_64-linux-gnu/13/../../../x86_64-linux-gnu/crti.o /usr/lib/gcc/x86_64-linux-gnu/13/crtbeginS.o -L/usr/lib/gcc/x86_64-linux-gnu/13 -L/usr/lib/gcc/x86_64-linux-gnu/13/../../../x86_64-linux-gnu -L/usr/lib/gcc/x86_64-linux-gnu/13/../../../../lib -L/lib/x86_64-linux-gnu -L/lib/../lib -L/usr/lib/x86_64-linux-gnu -L/usr/lib/../lib -L/usr/lib/gcc/x86_64-linux-gnu/13/../../.. CMakeFiles/cmTC_4fe0b.dir/CMakeCCompilerABI.c.o -lgcc --push-state --as-needed -lgcc_s --pop-state -lc -lgcc --push-state --as-needed -lgcc_s --pop-state /usr/lib/gcc/x86_64-linux-gnu/13/crtendS.o /usr/lib/gcc/x86_64-linux-gnu/13/../../../x86_64-linux-gnu/crtn.o
COLLECT_GCC_OPTIONS='-v' '-o' 'cmTC_4fe0b' '-mtune=generic' '-march=x86-64' '-dumpdir' 'cmTC_4fe0b.'
make[1]: Leaving directory '/home/oaic/prach-agent/build_docker/CMakeFiles/CMakeTmp'



Parsed C implicit include dir info from above output: rv=done
  found start of include info
  found start of implicit include info
    add: [/usr/lib/gcc/x86_64-linux-gnu/13/include]
    add: [/usr/local/include]
    add: [/usr/include/x86_64-linux-gnu]
    add: [/usr/include]
  end of search list found
  collapse include dir [/usr/lib/gcc/x86_64-linux-gnu/13/include] ==> [/usr/lib/gcc/x86_64-linux-gnu/13/include]
  collapse include dir [/usr/local/include] ==> [/usr/local/include]
  collapse include dir [/usr/include/x86_64-linux-gnu] ==> [/usr/include/x86_64-linux-gnu]
  collapse include dir [/usr/include] ==> [/usr/include]
  implicit include dirs: [/usr/lib/gcc/x86_64-linux-gnu/13/include;/usr/local/include;/usr/include/x86_64-linux-gnu;/usr/include]


Parsed C implicit link information from above output:
  link line regex: [^( *|.*[/\])(ld|CMAKE_LINK_STARTFILE-NOTFOUND|([^/\]+-)?ld|collect2)[^/\]*( |$)]
  ignore line: [Change Dir: /home/oaic/prach-agent/build_docker/CMakeFiles/CMakeTmp]
  ignore line: []
  ignore line: [Run Build Command(s):/usr/bin/make cmTC_4fe0b/fast && /usr/bin/make -f CMakeFiles/cmTC_4fe0b.dir/build.make CMakeFiles/cmTC_4fe0b.dir/build]
  ignore line: [make[1]: Entering directory '/home/oaic/prach-agent/build_docker/CMakeFiles/CMakeTmp']
  ignore line: [Building C object CMakeFiles/cmTC_4fe0b.dir/CMakeCCompilerABI.c.o]
  ignore line: [/usr/bin/cc   -v -o CMakeFiles/cmTC_4fe0b.dir/CMakeCCompilerABI.c.o   -c /usr/share/cmake-3.16/Modules/CMakeCCompilerABI.c]
  ignore line: [Using built-in specs.]
  ignore line: [COLLECT_GCC=/usr/bin/cc]
  ignore line: [Target: x86_64-linux-gnu]
  ignore line: [Configured with: ../src/configure -v --with-pkgversion='Ubuntu 13.1.0-8ubuntu1~20.04.2' --with-bugurl=file:///usr/share/doc/gcc-13/README.Bugs --enable-languages=c ada c++ go d fortran objc obj-c++ m2 rust --prefix=/usr --with-gcc-major-version-only --program-suffix=-13 --program-prefix=x86_64-linux-gnu- --enable-shared --enable-linker-build-id --libexecdir=/usr/libexec --without-included-gettext --enable-threads=posix --libdir=/usr/lib --enable-nls --enable-clocale=gnu --enable-libstdcxx-debug --enable-libstdcxx-time=yes --with-default-libstdcxx-abi=new --enable-gnu-unique-object --disable-vtable-verify --enable-plugin --enable-default-pie --with-system-zlib --enable-libphobos-checking=release --with-target-system-zlib=auto --enable-objc-gc=auto --enable-multiarch --disable-werror --enable-cet --with-arch-32=i686 --with-abi=m64 --with-multilib-list=m32 m64 mx32 --enable-multilib --with-tune=generic --enable-checking=release --build=x86_64-linux-gnu --host=x86_64-linux-gnu --target=x86_64-linux-gnu]
  ignore line: [Thread model: posix]
  ignore line: [Supported LTO compression algorithms: zlib zstd]
  ignore line: [gcc version 13.1.0 (Ubuntu 13.1.0-8ubuntu1~20.04.2) ]
  ignore line: [COLLECT_GCC_OPTIONS='-v' '-o' 'CMakeFiles/cmTC_4fe0b.dir/CMakeCCompilerABI.c.o' '-c' '-mtune=generic' '-march=x86-64' '-dumpdir' 'CMakeFiles/cmTC_4fe0b.dir/']
  ignore line: [ /usr/libexec/gcc/x86_64-linux-gnu/13/cc1 -quiet -v -imultiarch x86_64-linux-gnu /usr/share/cmake-3.16/Modules/CMakeCCompilerABI.c -quiet -dumpdir CMakeFiles/cmTC_4fe0b.dir/ -dumpbase CMakeCCompilerABI.c.c -dumpbase-ext .c -mtune=generic -march=x86-64 -version -fasynchronous-unwind-tables -fstack-protector-strong -Wformat -Wformat-security -fstack-clash-protection -fcf-protection -o /tmp/cck3qF9F.s]
  ignore line: [GNU C17 (Ubuntu 13.1.0-8ubuntu1~20.04.2) version 13.1.0 (x86_64-linux-gnu)]
  ignore line: [	compiled by GNU C version 13.1.0  GMP version 6.2.0  MPFR version 4.0.2  MPC version 1.1.0  isl version isl-0.22.1-GMP]
  ignore line: []
  ignore line: [GGC heuristics: --param ggc-min-expand=100 --param ggc-min-heapsize=131072]
  ignore line: [ignoring nonexistent directory "/usr/local/include/x86_64-linux-gnu"]
  ignore line: [ignoring nonexistent directory "/usr/lib/gcc/x86_64-linux-gnu/13/include-fixed/x86_64-linux-gnu"]
  ignore line: [ignoring nonexistent directory "/usr/lib/gcc/x86_64-linux-gnu/13/include-fixed"]
  ignore line: [ignoring nonexistent directory "/usr/lib/gcc/x86_64-linux-gnu/13/../../../../x86_64-linux-gnu/include"]
  ignore line: [#include "..." search starts here:]
  ignore line: [#include <...> search starts here:]
  ignore line: [ /usr/lib/gcc/x86_64-linux-gnu/13/include]
  ignore line: [ /usr/local/include]
  ignore line: [ /usr/include/x86_64-linux-gnu]
  ignore line: [ /usr/include]
  ignore line: [End of search list.]
  ignore line: [Compiler executable checksum: f0b3c90e0f11c3d406d33a12053911f6]
  ignore line: [COLLECT_GCC_OPTIONS='-v' '-o' 'CMakeFiles/cmTC_4fe0b.dir/CMakeCCompilerABI.c.o' '-c' '-mtune=generic' '-march=x86-64' '-dumpdir' 'CMakeFiles/cmTC_4fe0b.dir/']
  ignore line: [ as -v --64 -o CMakeFiles/cmTC_4fe0b.dir/CMakeCCompilerABI.c.o /tmp/cck3qF9F.s]
  ignore line: [GNU assembler version 2.34 (x86_64-linux-gnu) using BFD version (GNU Binutils for Ubuntu) 2.34]
  ignore line: [COMPILER_PATH=/usr/libexec/gcc/x86_64-linux-gnu/13/:/usr/libexec/gcc/x86_64-linux-gnu/13/:/usr/libexec/gcc/x86_64-linux-gnu/:/usr/lib/gcc/x86_64-linux-gnu/13/:/usr/lib/gcc/x86_64-linux-gnu/]
  ignore line: [LIBRARY_PATH=/usr/lib/gcc/x86_64-linux-gnu/13/:/usr/lib/gcc/x86_64-linux-gnu/13/../../../x86_64-linux-gnu/:/usr/lib/gcc/x86_64-linux-gnu/13/../../../../lib/:/lib/x86_64-linux-gnu/:/lib/../lib/:/usr/lib/x86_64-linux-gnu/:/usr/lib/../lib/:/usr/lib/gcc/x86_64-linux-gnu/13/../../../:/lib/:/usr/lib/]
  ignore line: [COLLECT_GCC_OPTIONS='-v' '-o' 'CMakeFiles/cmTC_4fe0b.dir/CMakeCCompilerABI.c.o' '-c' '-mtune=generic' '-march=x86-64' '-dumpdir' 'CMakeFiles/cmTC_4fe0b.dir/CMakeCCompilerABI.c.']
  ignore line: [Linking C executable cmTC_4fe0b]
  ignore line: [/usr/bin/cmake -E cmake_link_script CMakeFiles/cmTC_4fe0b.dir/link.txt --verbose=1]
  ignore line: [/usr/bin/cc     -v CMakeFiles/cmTC_4fe0b.dir/CMakeCCompilerABI.c.o  -o cmTC_4fe0b ]
  ignore line: [Using built-in specs.]
  ignore line: [COLLECT_GCC=/usr/bin/cc]
  ignore line: [COLLECT_LTO_WRAPPER=/usr/libexec/gcc/x86_64-linux-gnu/13/lto-wrapper]
  ignore line: [Target: x86_64-linux-gnu]
  ignore line: [Configured with: ../src/configure -v --with-pkgversion='Ubuntu 13.1.0-8ubuntu1~20.04.2' --with-bugurl=file:///usr/share/doc/gcc-13/README.Bugs --enable-languages=c ada c++ go d fortran objc obj-c++ m2 rust --prefix=/usr --with-gcc-major-version-only --program-suffix=-13 --program-prefix=x86_64-linux-gnu- --enable-shared --enable-linker-build-id --libexecdir=/usr/libexec --without-included-gettext --enable-threads=posix --libdir=/usr/lib --enable-nls --enable-clocale=gnu --enable-libstdcxx-debug --enable-libstdcxx-time=yes --with-default-libstdcxx-abi=new --enable-gnu-unique-object --disable-vtable-verify --enable-plugin --enable-default-pie --with-system-zlib --enable-libphobos-checking=release --with-target-system-zlib=auto --enable-objc-gc=auto --enable-multiarch --disable-werror --enable-cet --with-arch-32=i686 --with-abi=m64 --with-multilib-list=m32 m64 mx32 --enable-multilib --with-tune=generic --enable-checking=release --build=x86_64-linux-gnu --host=x86_64-linux-gnu --target=x86_64-linux-gnu]
  ignore line: [Thread model: posix]
  ignore line: [Supported LTO compression algorithms: zlib zstd]
  ignore line: [gcc version 13.1.0 (Ubuntu 13.1.0-8ubuntu1~20.04.2) ]
  ignore line: [COMPILER_PATH=/usr/libexec/gcc/x86_64-linux-gnu/13/:/usr/libexec/gcc/x86_64-linux-gnu/13/:/usr/libexec/gcc/x86_64-linux-gnu/:/usr/lib/gcc/x86_64-linux-gnu/13/:/usr/lib/gcc/x86_64-linux-gnu/]
  ignore line: [LIBRARY_PATH=/usr/lib/gcc/x86_64-linux-gnu/13/:/usr/lib/gcc/x86_64-linux-gnu/13/../../../x86_64-linux-gnu/:/usr/lib/gcc/x86_64-linux-gnu/13/../../../../lib/:/lib/x86_64-linux-gnu/:/lib/../lib/:/usr/lib/x86_64-linux-gnu/:/usr/lib/../lib/:/usr/lib/gcc/x86_64-linux-gnu/13/../../../:/lib/:/usr/lib/]
  ignore line: [COLLECT_GCC_OPTIONS='-v' '-o' 'cmTC_4fe0b' '-mtune=generic' '-march=x86-64' '-dumpdir' 'cmTC_4fe0b.']
  link line: [ /usr/libexec/gcc/x86_64-linux-gnu/13/collect2 -plugin /usr/libexec/gcc/x86_64-linux-gnu/13/liblto_plugin.so -plugin-opt=/usr/libexec/gcc/x86_64-linux-gnu/13/lto-wrapper -plugin-opt=-fresolution=/tmp/cc27U7d8.res -plugin-opt=-pass-through=-lgcc -plugin-opt=-pass-through=-lgcc_s -plugin-opt=-pass-through=-lc -plugin-opt=-pass-through=-lgcc -plugin-opt=-pass-through=-lgcc_s --build-id --eh-frame-hdr -m elf_x86_64 --hash-style=gnu --as-needed -dynamic-linker /lib64/ld-linux-x86-64.so.2 -pie -z now -z relro -o cmTC_4fe0b /usr/lib/gcc/x86_64-linux-gnu/13/../../../x86_64-linux-gnu/Scrt1.o /usr/lib/gcc/x86_64-linux-gnu/13/../../../x86_64-linux-gnu/crti.o /usr/lib/gcc/x86_64-linux-gnu/13/crtbeginS.o -L/usr/lib/gcc/x86_64-linux-gnu/13 -L/usr/lib/gcc/x86_64-linux-gnu/13/../../../x86_64-linux-gnu -L/usr/lib/gcc/x86_64-linux-gnu/13/../../../../lib -L/lib/x86_64-linux-gnu -L/lib/../lib -L/usr/lib/x86_64-linux-gnu -L/usr/lib/../lib -L/usr/lib/gcc/x86_64-linux-gnu/13/../../.. CMakeFiles/cmTC_4fe0b.dir/CMakeCCompilerABI.c.o -lgcc --push-state --as-needed -lgcc_s --pop-state -lc -lgcc --push-state --as-needed -lgcc_s --pop-state /usr/lib/gcc/x86_64-linux-gnu/13/crtendS.o /usr/lib/gcc/x86_64-linux-gnu/13/../../../x86_64-linux-gnu/crtn.o]
    arg [/usr/libexec/gcc/x86_64-linux-gnu/13/collect2] ==> ignore
    arg [-plugin] ==> ignore
    arg [/usr/libexec/gcc/x86_64-linux-gnu/13/liblto_plugin.so] ==> ignore
    arg [-plugin-opt=/usr/libexec/gcc/x86_64-linux-gnu/13/lto-wrapper] ==> ignore
    arg [-plugin-opt=-fresolution=/tmp/cc27U7d8.res] ==> ignore
    arg [-plugin-opt=-pass-through=-lgcc] ==> ignore
    arg [-plugin-opt=-pass-through=-lgcc_s] ==> ignore
    arg [-plugin-opt=-pass-through=-lc] ==> ignore
    arg [-plugin-opt=-pass-through=-lgcc] ==> ignore
    arg [-plugin-opt=-pass-through=-lgcc_s] ==> ignore
    arg [--build-id] ==> ignore
    arg [--eh-frame-hdr] ==> ignore
    arg [-m] ==> ignore
    arg [elf_x86_64] ==> ignore
    arg [--hash-style=gnu] ==> ignore
    arg [--as-needed] ==> ignore
    arg [-dynamic-linker] ==> ignore
    arg [/lib64/ld-linux-x86-64.so.2] ==> ignore
    arg [-pie] ==> ignore
    arg [-znow] ==> ignore
    arg [-zrelro] ==> ignore
    arg [-o] ==> ignore
    arg [cmTC_4fe0b] ==> ignore
    arg [/usr/lib/gcc/x86_64-linux-gnu/13/../../../x86_64-linux-gnu/Scrt1.o] ==> ignore
    arg [/usr/lib/gcc/x86_64-linux-gnu/13/../../../x86_64-linux-gnu/crti.o] ==> ignore
    arg [/usr/lib/gcc/x86_64-linux-gnu/13/crtbeginS.o] ==> ignore
    arg [-L/usr/lib/gcc/x86_64-linux-gnu/13] ==> dir [/usr/lib/gcc/x86_64-linux-gnu/13]
    arg [-L/usr/lib/gcc/x86_64-linux-gnu/13/../../../x86_64-linux-gnu] ==> dir [/usr/lib/gcc/x86_64-linux-gnu/13/../../../x86_64-linux-gnu]
    arg [-L/usr/lib/gcc/x86_64-linux-gnu/13/../../../../lib] ==> dir [/usr/lib/gcc/x86_64-linux-gnu/13/../../../../lib]
    arg [-L/lib/x86_64-linux-gnu] ==> dir [/lib/x86_64-linux-gnu]
    arg [-L/lib/../lib] ==> dir [/lib/../lib]
    arg [-L/usr/lib/x86_64-linux-gnu] ==> dir [/usr/lib/x86_64-linux-gnu]
    arg [-L/usr/lib/../lib] ==> dir [/usr/lib/../lib]
    arg [-L/usr/lib/gcc/x86_64-linux-gnu/13/../../..] ==> dir [/usr/lib/gcc/x86_64-linux-gnu/13/../../..]
    arg [CMakeFiles/cmTC_4fe0b.dir/CMakeCCompilerABI.c.o] ==> ignore
    arg [-lgcc] ==> lib [gcc]
    arg [--push-state] ==> ignore
    arg [--as-needed] ==> ignore
    arg [-lgcc_s] ==> lib [gcc_s]
    arg [--pop-state] ==> ignore
    arg [-lc] ==> lib [c]
    arg [-lgcc] ==> lib [gcc]
    arg [--push-state] ==> ignore
    arg [--as-needed] ==> ignore
    arg [-lgcc_s] ==> lib [gcc_s]
    arg [--pop-state] ==> ignore
    arg [/usr/lib/gcc/x86_64-linux-gnu/13/crtendS.o] ==> ignore
    arg [/usr/lib/gcc/x86_64-linux-gnu/13/../../../x86_64-linux-gnu/crtn.o] ==> ignore
  collapse library dir [/usr/lib/gcc/x86_64-linux-gnu/13] ==> [/usr/lib/gcc/x86_64-linux-gnu/13]
  collapse library dir [/usr/lib/gcc/x86_64-linux-gnu/13/../../../x86_64-linux-gnu] ==> [/usr/lib/x86_64-linux-gnu]
  collapse library dir [/usr/lib/gcc/x86_64-linux-gnu/13/../../../../lib] ==> [/usr/lib]
  collapse library dir [/lib/x86_64-linux-gnu] ==> [/lib/x86_64-linux-gnu]
  collapse library dir [/lib/../lib] ==> [/lib]
  collapse library dir [/usr/lib/x86_64-linux-gnu] ==> [/usr/lib/x86_64-linux-gnu]
  collapse library dir [/usr/lib/../lib] ==> [/usr/lib]
  collapse library dir [/usr/lib/gcc/x86_64-linux-gnu/13/../../..] ==> [/usr/lib]
  implicit libs: [gcc;gcc_s;c;gcc;gcc_s]
  implicit dirs: [/usr/lib/gcc/x86_64-linux-gnu/13;/usr/lib/x86_64-linux-gnu;/usr/lib;/lib/x86_64-linux-gnu;/lib]
  implicit fwks: []


Determining if the CXX compiler works passed with the following output:
Change Dir: /home/oaic/prach-agent/build_docker/CMakeFiles/CMakeTmp

Run Build Command(s):/usr/bin/make cmTC_31438/fast && /usr/bin/make -f CMakeFiles/cmTC_31438.dir/build.make CMakeFiles/cmTC_31438.dir/build
make[1]: Entering directory '/home/oaic/prach-agent/build_docker/CMakeFiles/CMakeTmp'
Building CXX object CMakeFiles/cmTC_31438.dir/testCXXCompiler.cxx.o
/usr/bin/c++     -o CMakeFiles/cmTC_31438.dir/testCXXCompiler.cxx.o -c /home/oaic/prach-agent/build_docker/CMakeFiles/CMakeTmp/testCXXCompiler.cxx
Linking CXX executable cmTC_31438
/usr/bin/cmake -E cmake_link_script CMakeFiles/cmTC_31438.dir/link.txt --verbose=1
/usr/bin/c++       CMakeFiles/cmTC_31438.dir/testCXXCompiler.cxx.o  -o cmTC_31438 
make[1]: Leaving directory '/home/oaic/prach-agent/build_docker/CMakeFiles/CMakeTmp'



Detecting CXX compiler ABI info compiled with the following output:
Change Dir: /home/oaic/prach-agent/build_docker/CMakeFiles/CMakeTmp

Run Build Command(s):/usr/bin/make cmTC_47255/fast && /usr/bin/make -f CMakeFiles/cmTC_47255.dir/build.make CMakeFiles/cmTC_47255.dir/build
make[1]: Entering directory '/home/oaic/prach-agent/build_docker/CMakeFiles/CMakeTmp'
Building CXX object CMakeFiles/cmTC_47255.dir/CMakeCXXCompilerABI.cpp.o
/usr/bin/c++    -v -o CMakeFiles/cmTC_47255.dir/CMakeCXXCompilerABI.cpp.o -c /usr/share/cmake-3.16/Modules/CMakeCXXCompilerABI.cpp
Using built-in specs.
COLLECT_GCC=/usr/bin/c++
OFFLOAD_TARGET_NAMES=nvptx-none:amdgcn-amdhsa:hsa
OFFLOAD_TARGET_DEFAULT=1
Target: x86_64-linux-gnu
Configured with: ../src/configure -v --with-pkgversion='Ubuntu 10.5.0-1ubuntu1~20.04' --with-bugurl=file:///usr/share/doc/gcc-10/README.Bugs --enable-languages=c,ada,c++,go,brig,d,fortran,objc,obj-c++,m2 --prefix=/usr --with-gcc-major-version-only --program-suffix=-10 --program-prefix=x86_64-linux-gnu- --enable-shared --enable-linker-build-id --libexecdir=/usr/lib --without-included-gettext --enable-threads=posix --libdir=/usr/lib --enable-nls --enable-bootstrap --enable-clocale=gnu --enable-libstdcxx-debug --enable-libstdcxx-time=yes --with-default-libstdcxx-abi=new --enable-gnu-unique-object --disable-vtable-verify --enable-plugin --enable-default-pie --with-system-zlib --enable-libphobos-checking=release --with-target-system-zlib=auto --enable-objc-gc=auto --enable-multiarch --disable-werror --with-arch-32=i686 --with-abi=m64 --with-multilib-list=m32,m64,mx32 --enable-multilib --with-tune=generic --enable-offload-targets=nvptx-none=/build/gcc-10-g5VkgL/gcc-10-10.5.0/debian/tmp-nvptx/usr,amdgcn-amdhsa=/build/gcc-10-g5VkgL/gcc-10-10.5.0/debian/tmp-gcn/usr,hsa --without-cuda-driver --enable-checking=release --build=x86_64-linux-gnu --host=x86_64-linux-gnu --target=x86_64-linux-gnu --with-build-config=bootstrap-lto-lean --enable-link-mutex
Thread model: posix
Supported LTO compression algorithms: zlib zstd
gcc version 10.5.0 (Ubuntu 10.5.0-1ubuntu1~20.04) 
COLLECT_GCC_OPTIONS='-v' '-o' 'CMakeFiles/cmTC_47255.dir/CMakeCXXCompilerABI.cpp.o' '-c' '-shared-libgcc' '-mtune=generic' '-march=x86-64'
 /usr/lib/gcc/x86_64-linux-gnu/10/cc1plus -quiet -v -imultiarch x86_64-linux-gnu -D_GNU_SOURCE /usr/share/cmake-3.16/Modules/CMakeCXXCompilerABI.cpp -quiet -dumpbase CMakeCXXCompilerABI.cpp -mtune=generic -march=x86-64 -auxbase-strip CMakeFiles/cmTC_47255.dir/CMakeCXXCompilerABI.cpp.o -version -fasynchronous-unwind-tables -fstack-protector-strong -Wformat -Wformat-security -fstack-clash-protection -fcf-protection -o /tmp/cctJpuIA.s
GNU C++14 (Ubuntu 10.5.0-1ubuntu1~20.04) version 10.5.0 (x86_64-linux-gnu)
	compiled by GNU C version 10.5.0, GMP version 6.2.0, MPFR version 4.0.2, MPC version 1.1.0, isl version isl-0.22.1-GMP

GGC heuristics: --param ggc-min-expand=100 --param ggc-min-heapsize=131072
ignoring duplicate directory "/usr/include/x86_64-linux-gnu/c++/10"
ignoring nonexistent directory "/usr/local/include/x86_64-linux-gnu"
ignoring nonexistent directory "/usr/lib/gcc/x86_64-linux-gnu/10/include-fixed"
ignoring nonexistent directory "/usr/lib/gcc/x86_64-linux-gnu/10/../../../../x86_64-linux-gnu/include"
#include "..." search starts here:
#include <...> search starts here:
 /usr/include/c++/10
 /usr/include/x86_64-linux-gnu/c++/10
 /usr/include/c++/10/backward
 /usr/lib/gcc/x86_64-linux-gnu/10/include
 /usr/local/include
 /usr/include/x86_64-linux-gnu
 /usr/include
End of search list.
GNU C++14 (Ubuntu 10.5.0-1ubuntu1~20.04) version 10.5.0 (x86_64-linux-gnu)
	compiled by GNU C version 10.5.0, GMP version 6.2.0, MPFR version 4.0.2, MPC version 1.1.0, isl version isl-0.22.1-GMP

GGC heuristics: --param ggc-min-expand=100 --param ggc-min-heapsize=131072
Compiler executable checksum: 99fb41dde442999632e2a9da834ed487
COLLECT_GCC_OPTIONS='-v' '-o' 'CMakeFiles/cmTC_47255.dir/CMakeCXXCompilerABI.cpp.o' '-c' '-shared-libgcc' '-mtune=generic' '-march=x86-64'
 as -v --64 -o CMakeFiles/cmTC_47255.dir/CMakeCXXCompilerABI.cpp.o /tmp/cctJpuIA.s
GNU assembler version 2.34 (x86_64-linux-gnu) using BFD version (GNU Binutils for Ubuntu) 2.34
COMPILER_PATH=/usr/lib/gcc/x86_64-linux-gnu/10/:/usr/lib/gcc/x86_64-linux-gnu/10/:/usr/lib/gcc/x86_64-linux-gnu/:/usr/lib/gcc/x86_64-linux-gnu/10/:/usr/lib/gcc/x86_64-linux-gnu/
LIBRARY_PATH=/usr/lib/gcc/x86_64-linux-gnu/10/:/usr/lib/gcc/x86_64-linux-gnu/10/../../../x86_64-linux-gnu/:/usr/lib/gcc/x86_64-linux-gnu/10/../../../../lib/:/lib/x86_64-linux-gnu/:/lib/../lib/:/usr/lib/x86_64-linux-gnu/:/usr/lib/../lib/:/usr/lib/gcc/x86_64-linux-gnu/10/../../../:/lib/:/usr/lib/
COLLECT_GCC_OPTIONS='-v' '-o' 'CMakeFiles/cmTC_47255.dir/CMakeCXXCompilerABI.cpp.o' '-c' '-shared-libgcc' '-mtune=generic' '-march=x86-64'
Linking CXX executable cmTC_47255
/usr/bin/cmake -E cmake_link_script CMakeFiles/cmTC_47255.dir/link.txt --verbose=1
/usr/bin/c++      -v CMakeFiles/cmTC_47255.dir/CMakeCXXCompilerABI.cpp.o  -o cmTC_47255 
Using built-in specs.
COLLECT_GCC=/usr/bin/c++
COLLECT_LTO_WRAPPER=/usr/lib/gcc/x86_64-linux-gnu/10/lto-wrapper
OFFLOAD_TARGET_NAMES=nvptx-none:amdgcn-amdhsa:hsa
OFFLOAD_TARGET_DEFAULT=1
Target: x86_64-linux-gnu
Configured with: ../src/configure -v --with-pkgversion='Ubuntu 10.5.0-1ubuntu1~20.04' --with-bugurl=file:///usr/share/doc/gcc-10/README.Bugs --enable-languages=c,ada,c++,go,brig,d,fortran,objc,obj-c++,m2 --prefix=/usr --with-gcc-major-version-only --program-suffix=-10 --program-prefix=x86_64-linux-gnu- --enable-shared --enable-linker-build-id --libexecdir=/usr/lib --without-included-gettext --enable-threads=posix --libdir=/usr/lib --enable-nls --enable-bootstrap --enable-clocale=gnu --enable-libstdcxx-debug --enable-libstdcxx-time=yes --with-default-libstdcxx-abi=new --enable-gnu-unique-object --disable-vtable-verify --enable-plugin --enable-default-pie --with-system-zlib --enable-libphobos-checking=release --with-target-system-zlib=auto --enable-objc-gc=auto --enable-multiarch --disable-werror --with-arch-32=i686 --with-abi=m64 --with-multilib-list=m32,m64,mx32 --enable-multilib --with-tune=generic --enable-offload-targets=nvptx-none=/build/gcc-10-g5VkgL/gcc-10-10.5.0/debian/tmp-nvptx/usr,amdgcn-amdhsa=/build/gcc-10-g5VkgL/gcc-10-10.5.0/debian/tmp-gcn/usr,hsa --without-cuda-driver --enable-checking=release --build=x86_64-linux-gnu --host=x86_64-linux-gnu --target=x86_64-linux-gnu --with-build-config=bootstrap-lto-lean --enable-link-mutex
Thread model: posix
Supported LTO compression algorithms: zlib zstd
gcc version 10.5.0 (Ubuntu 10.5.0-1ubuntu1~20.04) 
COMPILER_PATH=/usr/lib/gcc/x86_64-linux-gnu/10/:/usr/lib/gcc/x86_64-linux-gnu/10/:/usr/lib/gcc/x86_64-linux-gnu/:/usr/lib/gcc/x86_64-linux-gnu/10/:/usr/lib/gcc/x86_64-linux-gnu/
LIBRARY_PATH=/usr/lib/gcc/x86_64-linux-gnu/10/:/usr/lib/gcc/x86_64-linux-gnu/10/../../../x86_64-linux-gnu/:/usr/lib/gcc/x86_64-linux-gnu/10/../../../../lib/:/lib/x86_64-linux-gnu/:/lib/../lib/:/usr/lib/x86_64-linux-gnu/:/usr/lib/../lib/:/usr/lib/gcc/x86_64-linux-gnu/10/../../../:/lib/:/usr/lib/
COLLECT_GCC_OPTIONS='-v' '-o' 'cmTC_47255' '-shared-libgcc' '-mtune=generic' '-march=x86-64'
 /usr/lib/gcc/x86_64-linux-gnu/10/collect2 -plugin /usr/lib/gcc/x86_64-linux-gnu/10/liblto_plugin.so -plugin-opt=/usr/lib/gcc/x86_64-linux-gnu/10/lto-wrapper -plugin-opt=-fresolution=/tmp/cceui8T4.res -plugin-opt=-pass-through=-lgcc_s -plugin-opt=-pass-through=-lgcc -plugin-opt=-pass-through=-lc -plugin-opt=-pass-through=-lgcc_s -plugin-opt=-pass-through=-lgcc --build-id --eh-frame-hdr -m elf_x86_64 --hash-style=gnu --as-needed -dynamic-linker /lib64/ld-linux-x86-64.so.2 -pie -z now -z relro -o cmTC_47255 /usr/lib/gcc/x86_64-linux-gnu/10/../../../x86_64-linux-gnu/Scrt1.o /usr/lib/gcc/x86_64-linux-gnu/10/../../../x86_64-linux-gnu/crti.o /usr/lib/gcc/x86_64-linux-gnu/10/crtbeginS.o -L/usr/lib/gcc/x86_64-linux-gnu/10 -L/usr/lib/gcc/x86_64-linux-gnu/10/../../../x86_64-linux-gnu -L/usr/lib/gcc/x86_64-linux-gnu/10/../../../../lib -L/lib/x86_64-linux-gnu -L/lib/../lib -L/usr/lib/x86_64-linux-gnu -L/usr/lib/../lib -L/usr/lib/gcc/x86_64-linux-gnu/10/../../.. CMakeFiles/cmTC_47255.dir/CMakeCXXCompilerABI.cpp.o -lstdc++ -lm -lgcc_s -lgcc -lc -lgcc_s -lgcc /usr/lib/gcc/x86_64-linux-gnu/10/crtendS.o /usr/lib/gcc/x86_64-linux-gnu/10/../../../x86_64-linux-gnu/crtn.o
COLLECT_GCC_OPTIONS='-v' '-o' 'cmTC_47255' '-shared-libgcc' '-mtune=generic' '-march=x86-64'
make[1]: Leaving directory '/home/oaic/prach-agent/build_docker/CMakeFiles/CMakeTmp'



Parsed CXX implicit include dir info from above output: rv=done
  found start of include info
  found start of implicit include info
    add: [/usr/include/c++/10]
    add: [/usr/include/x86_64-linux-gnu/c++/10]
    add: [/usr/include/c++/10/backward]
    add: [/usr/lib/gcc/x86_64-linux-gnu/10/include]
    add: [/usr/local/include]
    add: [/usr/include/x86_64-linux-gnu]
    add: [/usr/include]
  end of search list found
  collapse include dir [/usr/include/c++/10] ==> [/usr/include/c++/10]
  collapse include dir [/usr/include/x86_64-linux-gnu/c++/10] ==> [/usr/include/x86_64-linux-gnu/c++/10]
  collapse include dir [/usr/include/c++/10/backward] ==> [/usr/include/c++/10/backward]
  collapse include dir [/usr/lib/gcc/x86_64-linux-gnu/10/include] ==> [/usr/lib/gcc/x86_64-linux-gnu/10/include]
  collapse include dir [/usr/local/include] ==> [/usr/local/include]
  collapse include dir [/usr/include/x86_64-linux-gnu] ==> [/usr/include/x86_64-linux-gnu]
  collapse include dir [/usr/include] ==> [/usr/include]
  implicit include dirs: [/usr/include/c++/10;/usr/include/x86_64-linux-gnu/c++/10;/usr/include/c++/10/backward;/usr/lib/gcc/x86_64-linux-gnu/10/include;/usr/local/include;/usr/include/x86_64-linux-gnu;/usr/include]


Parsed CXX implicit link information from above output:
  link line regex: [^( *|.*[/\])(ld|CMAKE_LINK_STARTFILE-NOTFOUND|([^/\]+-)?ld|collect2)[^/\]*( |$)]
  ignore line: [Change Dir: /home/oaic/prach-agent/build_docker/CMakeFiles/CMakeTmp]
  ignore line: []
  ignore line: [Run Build Command(s):/usr/bin/make cmTC_47255/fast && /usr/bin/make -f CMakeFiles/cmTC_47255.dir/build.make CMakeFiles/cmTC_47255.dir/build]
  ignore line: [make[1]: Entering directory '/home/oaic/prach-agent/build_docker/CMakeFiles/CMakeTmp']
  ignore line: [Building CXX object CMakeFiles/cmTC_47255.dir/CMakeCXXCompilerABI.cpp.o]
  ignore line: [/usr/bin/c++    -v -o CMakeFiles/cmTC_47255.dir/CMakeCXXCompilerABI.cpp.o -c /usr/share/cmake-3.16/Modules/CMakeCXXCompilerABI.cpp]
  ignore line: [Using built-in specs.]
  ignore line: [COLLECT_GCC=/usr/bin/c++]
  ignore line: [OFFLOAD_TARGET_NAMES=nvptx-none:amdgcn-amdhsa:hsa]
  ignore line: [OFFLOAD_TARGET_DEFAULT=1]
  ignore line: [Target: x86_64-linux-gnu]
  ignore line: [Configured with: ../src/configure -v --with-pkgversion='Ubuntu 10.5.0-1ubuntu1~20.04' --with-bugurl=file:///usr/share/doc/gcc-10/README.Bugs --enable-languages=c ada c++ go brig d fortran objc obj-c++ m2 --prefix=/usr --with-gcc-major-version-only --program-suffix=-10 --program-prefix=x86_64-linux-gnu- --enable-shared --enable-linker-build-id --libexecdir=/usr/lib --without-included-gettext --enable-threads=posix --libdir=/usr/lib --enable-nls --enable-bootstrap --enable-clocale=gnu --enable-libstdcxx-debug --enable-libstdcxx-time=yes --with-default-libstdcxx-abi=new --enable-gnu-unique-object --disable-vtable-verify --enable-plugin --enable-default-pie --with-system-zlib --enable-libphobos-checking=release --with-target-system-zlib=auto --enable-objc-gc=auto --enable-multiarch --disable-werror --with-arch-32=i686 --with-abi=m64 --with-multilib-list=m32 m64 mx32 --enable-multilib --with-tune=generic --enable-offload-targets=nvptx-none=/build/gcc-10-g5VkgL/gcc-10-10.5.0/debian/tmp-nvptx/usr amdgcn-amdhsa=/build/gcc-10-g5VkgL/gcc-10-10.5.0/debian/tmp-gcn/usr hsa --without-cuda-driver --enable-checking=release --build=x86_64-linux-gnu --host=x86_64-linux-gnu --target=x86_64-linux-gnu --with-build-config=bootstrap-lto-lean --enable-link-mutex]
  ignore line: [Thread model: posix]
  ignore line: [Supported LTO compression algorithms: zlib zstd]
  ignore line: [gcc version 10.5.0 (Ubuntu 10.5.0-1ubuntu1~20.04) ]
  ignore line: [COLLECT_GCC_OPTIONS='-v' '-o' 'CMakeFiles/cmTC_47255.dir/CMakeCXXCompilerABI.cpp.o' '-c' '-shared-libgcc' '-mtune=generic' '-march=x86-64']
  ignore line: [ /usr/lib/gcc/x86_64-linux-gnu/10/cc1plus -quiet -v -imultiarch x86_64-linux-gnu -D_GNU_SOURCE /usr/share/cmake-3.16/Modules/CMakeCXXCompilerABI.cpp -quiet -dumpbase CMakeCXXCompilerABI.cpp -mtune=generic -march=x86-64 -auxbase-strip CMakeFiles/cmTC_47255.dir/CMakeCXXCompilerABI.cpp.o -version -fasynchronous-unwind-tables -fstack-protector-strong -Wformat -Wformat-security -fstack-clash-protection -fcf-protection -o /tmp/cctJpuIA.s]
  ignore line: [GNU C++14 (Ubuntu 10.5.0-1ubuntu1~20.04) version 10.5.0 (x86_64-linux-gnu)]
  ignore line: [	compiled by GNU C version 10.5.0  GMP version 6.2.0  MPFR version 4.0.2  MPC version 1.1.0  isl version isl-0.22.1-GMP]
  ignore line: []
  ignore line: [GGC heuristics: --param ggc-min-expand=100 --param ggc-min-heapsize=131072]
  ignore line: [ignoring duplicate directory "/usr/include/x86_64-linux-gnu/c++/10"]
  ignore line: [ignoring nonexistent directory "/usr/local/include/x86_64-linux-gnu"]
  ignore line: [ignoring nonexistent directory "/usr/lib/gcc/x86_64-linux-gnu/10/include-fixed"]
  ignore line: [ignoring nonexistent directory "/usr/lib/gcc/x86_64-linux-gnu/10/../../../../x86_64-linux-gnu/include"]
  ignore line: [#include "..." search starts here:]
  ignore line: [#include <...> search starts here:]
  ignore line: [ /usr/include/c++/10]
  ignore line: [ /usr/include/x86_64-linux-gnu/c++/10]
  ignore line: [ /usr/include/c++/10/backward]
  ignore line: [ /usr/lib/gcc/x86_64-linux-gnu/10/include]
  ignore line: [ /usr/local/include]
  ignore line: [ /usr/include/x86_64-linux-gnu]
  ignore line: [ /usr/include]
  ignore line: [End of search list.]
  ignore line: [GNU C++14 (Ubuntu 10.5.0-1ubuntu1~20.04) version 10.5.0 (x86_64-linux-gnu)]
  ignore line: [	compiled by GNU C version 10.5.0  GMP version 6.2.0  MPFR version 4.0.2  MPC version 1.1.0  isl version isl-0.22.1-GMP]
  ignore line: []
  ignore line: [GGC heuristics: --param ggc-min-expand=100 --param ggc-min-heapsize=131072]
  ignore line: [Compiler executable checksum: 99fb41dde442999632e2a9da834ed487]
  ignore line: [COLLECT_GCC_OPTIONS='-v' '-o' 'CMakeFiles/cmTC_47255.dir/CMakeCXXCompilerABI.cpp.o' '-c' '-shared-libgcc' '-mtune=generic' '-march=x86-64']
  ignore line: [ as -v --64 -o CMakeFiles/cmTC_47255.dir/CMakeCXXCompilerABI.cpp.o /tmp/cctJpuIA.s]
  ignore line: [GNU assembler version 2.34 (x86_64-linux-gnu) using BFD version (GNU Binutils for Ubuntu) 2.34]
  ignore line: [COMPILER_PATH=/usr/lib/gcc/x86_64-linux-gnu/10/:/usr/lib/gcc/x86_64-linux-gnu/10/:/usr/lib/gcc/x86_64-linux-gnu/:/usr/lib/gcc/x86_64-linux-gnu/10/:/usr/lib/gcc/x86_64-linux-gnu/]
  ignore line: [LIBRARY_PATH=/usr/lib/gcc/x86_64-linux-gnu/10/:/usr/lib/gcc/x86_64-linux-gnu/10/../../../x86_64-linux-gnu/:/usr/lib/gcc/x86_64-linux-gnu/10/../../../../lib/:/lib/x86_64-linux-gnu/:/lib/../lib/:/usr/lib/x86_64-linux-gnu/:/usr/lib/../lib/:/usr/lib/gcc/x86_64-linux-gnu/10/../../../:/lib/:/usr/lib/]
  ignore line: [COLLECT_GCC_OPTIONS='-v' '-o' 'CMakeFiles/cmTC_47255.dir/CMakeCXXCompilerABI.cpp.o' '-c' '-shared-libgcc' '-mtune=generic' '-march=x86-64']
  ignore line: [Linking CXX executable cmTC_47255]
  ignore line: [/usr/bin/cmake -E cmake_link_script CMakeFiles/cmTC_47255.dir/link.txt --verbose=1]
  ignore line: [/usr/bin/c++      -v CMakeFiles/cmTC_47255.dir/CMakeCXXCompilerABI.cpp.o  -o cmTC_47255 ]
  ignore line: [Using built-in specs.]
  ignore line: [COLLECT_GCC=/usr/bin/c++]
  ignore line: [COLLECT_LTO_WRAPPER=/usr/lib/gcc/x86_64-linux-gnu/10/lto-wrapper]
  ignore line: [OFFLOAD_TARGET_NAMES=nvptx-none:amdgcn-amdhsa:hsa]
  ignore line: [OFFLOAD_TARGET_DEFAULT=1]
  ignore line: [Target: x86_64-linux-gnu]
  ignore line: [Configured with: ../src/configure -v --with-pkgversion='Ubuntu 10.5.0-1ubuntu1~20.04' --with-bugurl=file:///usr/share/doc/gcc-10/README.Bugs --enable-languages=c ada c++ go brig d fortran objc obj-c++ m2 --prefix=/usr --with-gcc-major-version-only --program-suffix=-10 --program-prefix=x86_64-linux-gnu- --enable-shared --enable-linker-build-id --libexecdir=/usr/lib --without-included-gettext --enable-threads=posix --libdir=/usr/lib --enable-nls --enable-bootstrap --enable-clocale=gnu --enable-libstdcxx-debug --enable-libstdcxx-time=yes --with-default-libstdcxx-abi=new --enable-gnu-unique-object --disable-vtable-verify --enable-plugin --enable-default-pie --with-system-zlib --enable-libphobos-checking=release --with-target-system-zlib=auto --enable-objc-gc=auto --enable-multiarch --disable-werror --with-arch-32=i686 --with-abi=m64 --with-multilib-list=m32 m64 mx32 --enable-multilib --with-tune=generic --enable-offload-targets=nvptx-none=/build/gcc-10-g5VkgL/gcc-10-10.5.0/debian/tmp-nvptx/usr amdgcn-amdhsa=/build/gcc-10-g5VkgL/gcc-10-10.5.0/debian/tmp-gcn/usr hsa --without-cuda-driver --enable-checking=release --build=x86_64-linux-gnu --host=x86_64-linux-gnu --target=x86_64-linux-gnu --with-build-config=bootstrap-lto-lean --enable-link-mutex]
  ignore line: [Thread model: posix]
  ignore line: [Supported LTO compression algorithms: zlib zstd]
  ignore line: [gcc version 10.5.0 (Ubuntu 10.5.0-1ubuntu1~20.04) ]
  ignore line: [COMPILER_PATH=/usr/lib/gcc/x86_64-linux-gnu/10/:/usr/lib/gcc/x86_64-linux-gnu/10/:/usr/lib/gcc/x86_64-linux-gnu/:/usr/lib/gcc/x86_64-linux-gnu/10/:/usr/lib/gcc/x86_64-linux-gnu/]
  ignore line: [LIBRARY_PATH=/usr/lib/gcc/x86_64-linux-gnu/10/:/usr/lib/gcc/x86_64-linux-gnu/10/../../../x86_64-linux-gnu/:/usr/lib/gcc/x86_64-linux-gnu/10/../../../../lib/:/lib/x86_64-linux-gnu/:/lib/../lib/:/usr/lib/x86_64-linux-gnu/:/usr/lib/../lib/:/usr/lib/gcc/x86_64-linux-gnu/10/../../../:/lib/:/usr/lib/]
  ignore line: [COLLECT_GCC_OPTIONS='-v' '-o' 'cmTC_47255' '-shared-libgcc' '-mtune=generic' '-march=x86-64']
  link line: [ /usr/lib/gcc/x86_64-linux-gnu/10/collect2 -plugin /usr/lib/gcc/x86_64-linux-gnu/10/liblto_plugin.so -plugin-opt=/usr/lib/gcc/x86_64-linux-gnu/10/lto-wrapper -plugin-opt=-fresolution=/tmp/cceui8T4.res -plugin-opt=-pass-through=-lgcc_s -plugin-opt=-pass-through=-lgcc -plugin-opt=-pass-through=-lc -plugin-opt=-pass-through=-lgcc_s -plugin-opt=-pass-through=-lgcc --build-id --eh-frame-hdr -m elf_x86_64 --hash-style=gnu --as-needed -dynamic-linker /lib64/ld-linux-x86-64.so.2 -pie -z now -z relro -o cmTC_47255 /usr/lib/gcc/x86_64-linux-gnu/10/../../../x86_64-linux-gnu/Scrt1.o /usr/lib/gcc/x86_64-linux-gnu/10/../../../x86_64-linux-gnu/crti.o /usr/lib/gcc/x86_64-linux-gnu/10/crtbeginS.o -L/usr/lib/gcc/x86_64-linux-gnu/10 -L/usr/lib/gcc/x86_64-linux-gnu/10/../../../x86_64-linux-gnu -L/usr/lib/gcc/x86_64-linux-gnu/10/../../../../lib -L/lib/x86_64-linux-gnu -L/lib/../lib -L/usr/lib/x86_64-linux-gnu -L/usr/lib/../lib -L/usr/lib/gcc/x86_64-linux-gnu/10/../../.. CMakeFiles/cmTC_47255.dir/CMakeCXXCompilerABI.cpp.o -lstdc++ -lm -lgcc_s -lgcc -lc -lgcc_s -lgcc /usr/lib/gcc/x86_64-linux-gnu/10/crtendS.o /usr/lib/gcc/x86_64-linux-gnu/10/../../../x86_64-linux-gnu/crtn.o]
    arg [/usr/lib/gcc/x86_64-linux-gnu/10/collect2] ==> ignore
    arg [-plugin] ==> ignore
    arg [/usr/lib/gcc/x86_64-linux-gnu/10/liblto_plugin.so] ==> ignore
    arg [-plugin-opt=/usr/lib/gcc/x86_64-linux-gnu/10/lto-wrapper] ==> ignore
    arg [-plugin-opt=-fresolution=/tmp/cceui8T4.res] ==> ignore
    arg [-plugin-opt=-pass-through=-lgcc_s] ==> ignore
    arg [-plugin-opt=-pass-through=-lgcc] ==> ignore
    arg [-plugin-opt=-pass-through=-lc] ==> ignore
    arg [-plugin-opt=-pass-through=-lgcc_s] ==> ignore
    arg [-plugin-opt=-pass-through=-lgcc] ==> ignore
    arg [--build-id] ==> ignore
    arg [--eh-frame-hdr] ==> ignore
    arg [-m] ==> ignore
    arg [elf_x86_64] ==> ignore
    arg [--hash-style=gnu] ==> ignore
    arg [--as-needed] ==> ignore
    arg [-dynamic-linker] ==> ignore
    arg [/lib64/ld-linux-x86-64.so.2] ==> ignore
    arg [-pie] ==> ignore
    arg [-znow] ==> ignore
    arg [-zrelro] ==> ignore
    arg [-o] ==> ignore
    arg [cmTC_47255] ==> ignore
    arg [/usr/lib/gcc/x86_64-linux-gnu/10/../../../x86_64-linux-gnu/Scrt1.o] ==> ignore
    arg [/usr/lib/gcc/x86_64-linux-gnu/10/../../../x86_64-linux-gnu/crti.o] ==> ignore
    arg [/usr/lib/gcc/x86_64-linux-gnu/10/crtbeginS.o] ==> ignore
    arg [-L/usr/lib/gcc/x86_64-linux-gnu/10] ==> dir [/usr/lib/gcc/x86_64-linux-gnu/10]
    arg [-L/usr/lib/gcc/x86_64-linux-gnu/10/../../../x86_64-linux-gnu] ==> dir [/usr/lib/gcc/x86_64-linux-gnu/10/../../../x86_64-linux-gnu]
    arg [-L/usr/lib/gcc/x86_64-linux-gnu/10/../../../../lib] ==> dir [/usr/lib/gcc/x86_64-linux-gnu/10/../../../../lib]
    arg [-L/lib/x86_64-linux-gnu] ==> dir [/lib/x86_64-linux-gnu]
    arg [-L/lib/../lib] ==> dir [/lib/../lib]
    arg [-L/usr/lib/x86_64-linux-gnu] ==> dir [/usr/lib/x86_64-linux-gnu]
    arg [-L/usr/lib/../lib] ==> dir [/usr/lib/../lib]
    arg [-L/usr/lib/gcc/x86_64-linux-gnu/10/../../..] ==> dir [/usr/lib/gcc/x86_64-linux-gnu/10/../../..]
    arg [CMakeFiles/cmTC_47255.dir/CMakeCXXCompilerABI.cpp.o] ==> ignore
    arg [-lstdc++] ==> lib [stdc++]
    arg [-lm] ==> lib [m]
    arg [-lgcc_s] ==> lib [gcc_s]
    arg [-lgcc] ==> lib [gcc]
    arg [-lc] ==> lib [c]
    arg [-lgcc_s] ==> lib [gcc_s]
    arg [-lgcc] ==> lib [gcc]
    arg [/usr/lib/gcc/x86_64-linux-gnu/10/crtendS.o] ==> ignore
    arg [/usr/lib/gcc/x86_64-linux-gnu/10/../../../x86_64-linux-gnu/crtn.o] ==> ignore
  collapse library dir [/usr/lib/gcc/x86_64-linux-gnu/10] ==> [/usr/lib/gcc/x86_64-linux-gnu/10]
  collapse library dir [/usr/lib/gcc/x86_64-linux-gnu/10/../../../x86_64-linux-gnu] ==> [/usr/lib/x86_64-linux-gnu]
  collapse library dir [/usr/lib/gcc/x86_64-linux-gnu/10/../../../../lib] ==> [/usr/lib]
  collapse library dir [/lib/x86_64-linux-gnu] ==> [/lib/x86_64-linux-gnu]
  collapse library dir [/lib/../lib] ==> [/lib]
  collapse library dir [/usr/lib/x86_64-linux-gnu] ==> [/usr/lib/x86_64-linux-gnu]
  collapse library dir [/usr/lib/../lib] ==> [/usr/lib]
  collapse library dir [/usr/lib/gcc/x86_64-linux-gnu/10/../../..] ==> [/usr/lib]
  implicit libs: [stdc++;m;gcc_s;gcc;c;gcc_s;gcc]
  implicit dirs: [/usr/lib/gcc/x86_64-linux-gnu/10;/usr/lib/x86_64-linux-gnu;/usr/lib;/lib/x86_64-linux-gnu;/lib]
  implicit fwks: []


Performing C++ SOURCE FILE Test HAVE_CXX_ATOMICS_WITHOUT_LIB succeeded with the following output:
Change Dir: /home/oaic/prach-agent/build_docker/CMakeFiles/CMakeTmp

Run Build Command(s):/usr/bin/make cmTC_83c49/fast && /usr/bin/make -f CMakeFiles/cmTC_83c49.dir/build.make CMakeFiles/cmTC_83c49.dir/build
make[1]: Entering directory '/home/oaic/prach-agent/build_docker/CMakeFiles/CMakeTmp'
Building CXX object CMakeFiles/cmTC_83c49.dir/src.cxx.o
/usr/bin/c++    -DHAVE_CXX_ATOMICS_WITHOUT_LIB  -std=c++11   -o CMakeFiles/cmTC_83c49.dir/src.cxx.o -c /home/oaic/prach-agent/build_docker/CMakeFiles/CMakeTmp/src.cxx
Linking CXX executable cmTC_83c49
/usr/bin/cmake -E cmake_link_script CMakeFiles/cmTC_83c49.dir/link.txt --verbose=1
/usr/bin/c++   -DHAVE_CXX_ATOMICS_WITHOUT_LIB  -std=c++11    CMakeFiles/cmTC_83c49.dir/src.cxx.o  -o cmTC_83c49 
make[1]: Leaving directory '/home/oaic/prach-agent/build_docker/CMakeFiles/CMakeTmp'


Source file was:

#include <atomic>
std::atomic<int> x;
int main() {
return std::atomic_is_lock_free(&x);
}

Performing C++ SOURCE FILE Test HAVE_CXX_ATOMICS64_WITHOUT_LIB succeeded with the following output:
Change Dir: /home/oaic/prach-agent/build_docker/CMakeFiles/CMakeTmp

Run Build Command(s):/usr/bin/make cmTC_2fc80/fast && /usr/bin/make -f CMakeFiles/cmTC_2fc80.dir/build.make CMakeFiles/cmTC_2fc80.dir/build
make[1]: Entering directory '/home/oaic/prach-agent/build_docker/CMakeFiles/CMakeTmp'
Building CXX object CMakeFiles/cmTC_2fc80.dir/src.cxx.o
/usr/bin/c++    -DHAVE_CXX_ATOMICS64_WITHOUT_LIB -std=c++11   -o CMakeFiles/cmTC_2fc80.dir/src.cxx.o -c /home/oaic/prach-agent/build_docker/CMakeFiles/CMakeTmp/src.cxx
Linking CXX executable cmTC_2fc80
/usr/bin/cmake -E cmake_link_script CMakeFiles/cmTC_2fc80.dir/link.txt --verbose=1
/usr/bin/c++   -DHAVE_CXX_ATOMICS64_WITHOUT_LIB -std=c++11    CMakeFiles/cmTC_2fc80.dir/src.cxx.o  -o cmTC_2fc80 
make[1]: Leaving directory '/home/oaic/prach-agent/build_docker/CMakeFiles/CMakeTmp'


Source file was:

#include <atomic>
#include <cstdint>
std::atomic<uint64_t> x (0);
int main() {
uint64_t i = x.load(std::memory_order_relaxed);
return std::atomic_is_lock_free(&x);
}

Determining if the include file pthread.h exists passed with the following output:
Change Dir: /home/oaic/prach-agent/build_docker/CMakeFiles/CMakeTmp

Run Build Command(s):/usr/bin/make cmTC_26c57/fast && /usr/bin/make -f CMakeFiles/cmTC_26c57.dir/build.make CMakeFiles/cmTC_26c57.dir/build
make[1]: Entering directory '/home/oaic/prach-agent/build_docker/CMakeFiles/CMakeTmp'
Building C object CMakeFiles/cmTC_26c57.dir/CheckIncludeFile.c.o
/usr/bin/cc    -o CMakeFiles/cmTC_26c57.dir/CheckIncludeFile.c.o   -c /home/oaic/prach-agent/build_docker/CMakeFiles/CMakeTmp/CheckIncludeFile.c
Linking C executable cmTC_26c57
/usr/bin/cmake -E cmake_link_script CMakeFiles/cmTC_26c57.dir/link.txt --verbose=1
/usr/bin/cc      CMakeFiles/cmTC_26c57.dir/CheckIncludeFile.c.o  -o cmTC_26c57 
make[1]: Leaving directory '/home/oaic/prach-agent/build_docker/CMakeFiles/CMakeTmp'



Determining if the function pthread_create exists in the pthread passed with the following output:
Change Dir: /home/oaic/prach-agent/build_docker/CMakeFiles/CMakeTmp

Run Build Command(s):/usr/bin/make cmTC_f5662/fast && /usr/bin/make -f CMakeFiles/cmTC_f5662.dir/build.make CMakeFiles/cmTC_f5662.dir/build
make[1]: Entering directory '/home/oaic/prach-agent/build_docker/CMakeFiles/CMakeTmp'
Building C object CMakeFiles/cmTC_f5662.dir/CheckFunctionExists.c.o
/usr/bin/cc   -DCHECK_FUNCTION_EXISTS=pthread_create   -o CMakeFiles/cmTC_f5662.dir/CheckFunctionExists.c.o   -c /usr/share/cmake-3.16/Modules/CheckFunctionExists.c
Linking C executable cmTC_f5662
/usr/bin/cmake -E cmake_link_script CMakeFiles/cmTC_f5662.dir/link.txt --verbose=1
/usr/bin/cc  -DCHECK_FUNCTION_EXISTS=pthread_create    CMakeFiles/cmTC_f5662.dir/CheckFunctionExists.c.o  -o cmTC_f5662  -lpthread 
make[1]: Leaving directory '/home/oaic/prach-agent/build_docker/CMakeFiles/CMakeTmp'



Performing C++ SOURCE FILE Test HAVE_WNO_UNUSED_BUT_SET_VARIABLE succeeded with the following output:
Change Dir: /home/oaic/prach-agent/build_docker/CMakeFiles/CMakeTmp

Run Build Command(s):/usr/bin/make cmTC_ec66d/fast && /usr/bin/make -f CMakeFiles/cmTC_ec66d.dir/build.make CMakeFiles/cmTC_ec66d.dir/build
make[1]: Entering directory '/home/oaic/prach-agent/build_docker/CMakeFiles/CMakeTmp'
Building CXX object CMakeFiles/cmTC_ec66d.dir/src.cxx.o
/usr/bin/c++    -Wall -Wno-comment -Wno-reorder -Wno-unused-variable -Wtype-limits -std=c++14 -fno-strict-aliasing -DHAVE_WNO_UNUSED_BUT_SET_VARIABLE   -Wno-unused-but-set-variable -o CMakeFiles/cmTC_ec66d.dir/src.cxx.o -c /home/oaic/prach-agent/build_docker/CMakeFiles/CMakeTmp/src.cxx
Linking CXX executable cmTC_ec66d
/usr/bin/cmake -E cmake_link_script CMakeFiles/cmTC_ec66d.dir/link.txt --verbose=1
/usr/bin/c++   -Wall -Wno-comment -Wno-reorder -Wno-unused-variable -Wtype-limits -std=c++14 -fno-strict-aliasing -DHAVE_WNO_UNUSED_BUT_SET_VARIABLE    CMakeFiles/cmTC_ec66d.dir/src.cxx.o  -o cmTC_ec66d 
make[1]: Leaving directory '/home/oaic/prach-agent/build_docker/CMakeFiles/CMakeTmp'


Source file was:
int main() { return 0; }
Performing C SOURCE FILE Test HAVE_SSE succeeded with the following output:
Change Dir: /home/oaic/prach-agent/build_docker/CMakeFiles/CMakeTmp

Run Build Command(s):/usr/bin/make cmTC_4be60/fast && /usr/bin/make -f CMakeFiles/cmTC_4be60.dir/build.make CMakeFiles/cmTC_4be60.dir/build
make[1]: Entering directory '/home/oaic/prach-agent/build_docker/CMakeFiles/CMakeTmp'
Building C object CMakeFiles/cmTC_4be60.dir/src.c.o
/usr/bin/cc   -DHAVE_SSE -msse4.1   -o CMakeFiles/cmTC_4be60.dir/src.c.o   -c /home/oaic/prach-agent/build_docker/CMakeFiles/CMakeTmp/src.c
Linking C executable cmTC_4be60
/usr/bin/cmake -E cmake_link_script CMakeFiles/cmTC_4be60.dir/link.txt --verbose=1
/usr/bin/cc  -DHAVE_SSE -msse4.1    CMakeFiles/cmTC_4be60.dir/src.c.o  -o cmTC_4be60 
make[1]: Leaving directory '/home/oaic/prach-agent/build_docker/CMakeFiles/CMakeTmp'


Return value: 1
Source file was:

        #include <emmintrin.h>
        #include <smmintrin.h>

        int main()
        {
        __m128i a = _mm_setzero_si128();
        __m128i b = _mm_minpos_epu16(a);
        return 0;
        }
Performing C SOURCE FILE Test HAVE_AVX succeeded with the following output:
Change Dir: /home/oaic/prach-agent/build_docker/CMakeFiles/CMakeTmp

Run Build Command(s):/usr/bin/make cmTC_68a29/fast && /usr/bin/make -f CMakeFiles/cmTC_68a29.dir/build.make CMakeFiles/cmTC_68a29.dir/build
make[1]: Entering directory '/home/oaic/prach-agent/build_docker/CMakeFiles/CMakeTmp'
Building C object CMakeFiles/cmTC_68a29.dir/src.c.o
/usr/bin/cc   -DHAVE_AVX -mavx   -o CMakeFiles/cmTC_68a29.dir/src.c.o   -c /home/oaic/prach-agent/build_docker/CMakeFiles/CMakeTmp/src.c
Linking C executable cmTC_68a29
/usr/bin/cmake -E cmake_link_script CMakeFiles/cmTC_68a29.dir/link.txt --verbose=1
/usr/bin/cc  -DHAVE_AVX -mavx    CMakeFiles/cmTC_68a29.dir/src.c.o  -o cmTC_68a29 
make[1]: Leaving directory '/home/oaic/prach-agent/build_docker/CMakeFiles/CMakeTmp'


Return value: 1
Source file was:

            #include <immintrin.h>
            int main()
            {
              __m256 a, b, c;
              const float src[8] = { 1.0f, 2.0f, 3.0f, 4.0f, 5.0f, 6.0f, 7.0f, 8.0f };
              float dst[8];
              a = _mm256_loadu_ps( src );
              b = _mm256_loadu_ps( src );
              c = _mm256_add_ps( a, b );
              _mm256_storeu_ps( dst, c );
              int i = 0;
              for( i = 0; i < 8; i++ ){
                if( ( src[i] + src[i] ) != dst[i] ){
                  return -1;
                }
              }
              return 0;
            }
Performing C SOURCE FILE Test HAVE_AVX2 succeeded with the following output:
Change Dir: /home/oaic/prach-agent/build_docker/CMakeFiles/CMakeTmp

Run Build Command(s):/usr/bin/make cmTC_89187/fast && /usr/bin/make -f CMakeFiles/cmTC_89187.dir/build.make CMakeFiles/cmTC_89187.dir/build
make[1]: Entering directory '/home/oaic/prach-agent/build_docker/CMakeFiles/CMakeTmp'
Building C object CMakeFiles/cmTC_89187.dir/src.c.o
/usr/bin/cc   -DHAVE_AVX2 -mavx2   -o CMakeFiles/cmTC_89187.dir/src.c.o   -c /home/oaic/prach-agent/build_docker/CMakeFiles/CMakeTmp/src.c
Linking C executable cmTC_89187
/usr/bin/cmake -E cmake_link_script CMakeFiles/cmTC_89187.dir/link.txt --verbose=1
/usr/bin/cc  -DHAVE_AVX2 -mavx2    CMakeFiles/cmTC_89187.dir/src.c.o  -o cmTC_89187 
make[1]: Leaving directory '/home/oaic/prach-agent/build_docker/CMakeFiles/CMakeTmp'


Return value: 1
Source file was:

          #include <immintrin.h>
          int main()
          {
            __m256i a, b, c;
            const int src[8] = { 1, 2, 3, 4, 5, 6, 7, 8 };
            int dst[8];
            a =  _mm256_loadu_si256( (__m256i*)src );
            b =  _mm256_loadu_si256( (__m256i*)src );
            c = _mm256_add_epi32( a, b );
            _mm256_storeu_si256( (__m256i*)dst, c );
            int i = 0;
            for( i = 0; i < 8; i++ ){
              if( ( src[i] + src[i] ) != dst[i] ){
                return -1;
              }
            }
            return 0;
          }
Performing C SOURCE FILE Test HAVE_FMA succeeded with the following output:
Change Dir: /home/oaic/prach-agent/build_docker/CMakeFiles/CMakeTmp

Run Build Command(s):/usr/bin/make cmTC_a1ea5/fast && /usr/bin/make -f CMakeFiles/cmTC_a1ea5.dir/build.make CMakeFiles/cmTC_a1ea5.dir/build
make[1]: Entering directory '/home/oaic/prach-agent/build_docker/CMakeFiles/CMakeTmp'
Building C object CMakeFiles/cmTC_a1ea5.dir/src.c.o
/usr/bin/cc   -DHAVE_FMA -mfma   -o CMakeFiles/cmTC_a1ea5.dir/src.c.o   -c /home/oaic/prach-agent/build_docker/CMakeFiles/CMakeTmp/src.c
Linking C executable cmTC_a1ea5
/usr/bin/cmake -E cmake_link_script CMakeFiles/cmTC_a1ea5.dir/link.txt --verbose=1
/usr/bin/cc  -DHAVE_FMA -mfma    CMakeFiles/cmTC_a1ea5.dir/src.c.o  -o cmTC_a1ea5 
make[1]: Leaving directory '/home/oaic/prach-agent/build_docker/CMakeFiles/CMakeTmp'


Return value: 1
Source file was:

            #include <immintrin.h>
            int main()
            {
              __m256 a, b, c, r;
              const float src[8] = { 1.0f, 2.0f, 3.0f, 4.0f, 5.0f, 6.0f, 7.0f, 8.0f };
              float dst[8];
              a = _mm256_loadu_ps( src );
              b = _mm256_loadu_ps( src );
              c = _mm256_loadu_ps( src );
              r = _mm256_fmadd_ps( a, b, c );
              _mm256_storeu_ps( dst, r );
              int i = 0;
              for( i = 0; i < 8; i++ ){
                if( ( src[i] * src[i] + src[i] ) != dst[i] ){
                  return -1;
                }
              }
              return 0;
            }
Performing C SOURCE FILE Test HAVE_AVX512 succeeded with the following output:
Change Dir: /home/oaic/prach-agent/build_docker/CMakeFiles/CMakeTmp

Run Build Command(s):/usr/bin/make cmTC_431ad/fast && /usr/bin/make -f CMakeFiles/cmTC_431ad.dir/build.make CMakeFiles/cmTC_431ad.dir/build
make[1]: Entering directory '/home/oaic/prach-agent/build_docker/CMakeFiles/CMakeTmp'
Building C object CMakeFiles/cmTC_431ad.dir/src.c.o
/usr/bin/cc   -DHAVE_AVX512 -mavx512f -mavx512cd -mavx512bw -mavx512dq -DLV_HAVE_AVX512   -o CMakeFiles/cmTC_431ad.dir/src.c.o   -c /home/oaic/prach-agent/build_docker/CMakeFiles/CMakeTmp/src.c
Linking C executable cmTC_431ad
/usr/bin/cmake -E cmake_link_script CMakeFiles/cmTC_431ad.dir/link.txt --verbose=1
/usr/bin/cc  -DHAVE_AVX512 -mavx512f -mavx512cd -mavx512bw -mavx512dq -DLV_HAVE_AVX512    CMakeFiles/cmTC_431ad.dir/src.c.o  -o cmTC_431ad 
make[1]: Leaving directory '/home/oaic/prach-agent/build_docker/CMakeFiles/CMakeTmp'


Return value: 1
Source file was:

          #include <immintrin.h>
          int main()
          {
            __m512i a, b, c;
            const int src[16] = { 0x0, 0x1, 0x2, 0x3, 0x4, 0x5, 0x6, 0x7, 0x8 , 0x9, 0xA, 0xB, 0xC, 0xD, 0xE, 0xF};
            int dst[16];
            a =  _mm512_loadu_si512( (__m512i*)src );
            b =  _mm512_loadu_si512( (__m512i*)src );
            c = _mm512_add_epi32( a, b );
            _mm512_storeu_si512( (__m512i*)dst, c );
            int i = 0;
            for( i = 0; i < 16; i++ ){
              if( ( src[i] + src[i] ) != dst[i] ){
                return -1;
              }
            }
            return 0;
          }
Performing C SOURCE FILE Test HAVE_MARCH_native succeeded with the following output:
Change Dir: /home/oaic/prach-agent/build_docker/CMakeFiles/CMakeTmp

Run Build Command(s):/usr/bin/make cmTC_66888/fast && /usr/bin/make -f CMakeFiles/cmTC_66888.dir/build.make CMakeFiles/cmTC_66888.dir/build
make[1]: Entering directory '/home/oaic/prach-agent/build_docker/CMakeFiles/CMakeTmp'
Building C object CMakeFiles/cmTC_66888.dir/src.c.o
/usr/bin/cc   -DHAVE_MARCH_native -mavx512f -mavx512cd -mavx512bw -mavx512dq -DLV_HAVE_AVX512   -march=native -o CMakeFiles/cmTC_66888.dir/src.c.o   -c /home/oaic/prach-agent/build_docker/CMakeFiles/CMakeTmp/src.c
Linking C executable cmTC_66888
/usr/bin/cmake -E cmake_link_script CMakeFiles/cmTC_66888.dir/link.txt --verbose=1
/usr/bin/cc  -DHAVE_MARCH_native -mavx512f -mavx512cd -mavx512bw -mavx512dq -DLV_HAVE_AVX512    CMakeFiles/cmTC_66888.dir/src.c.o  -o cmTC_66888 
make[1]: Leaving directory '/home/oaic/prach-agent/build_docker/CMakeFiles/CMakeTmp'


Source file was:
int main(void) { return 0; }
Performing C++ SOURCE FILE Test HAVE_VISIBILITY_HIDDEN_CXX succeeded with the following output:
Change Dir: /home/oaic/prach-agent/build_docker/CMakeFiles/CMakeTmp

Run Build Command(s):/usr/bin/make cmTC_c8fbc/fast && /usr/bin/make -f CMakeFiles/cmTC_c8fbc.dir/build.make CMakeFiles/cmTC_c8fbc.dir/build
make[1]: Entering directory '/home/oaic/prach-agent/build_docker/CMakeFiles/CMakeTmp'
Building CXX object CMakeFiles/cmTC_c8fbc.dir/src.cxx.o
/usr/bin/c++    -Wall -Wno-comment -Wno-reorder -Wno-unused-variable -Wtype-limits -std=c++14 -fno-strict-aliasing -Wno-unused-but-set-variable -march=native -mfpmath=sse -mavx2 -DLV_HAVE_AVX2 -DLV_HAVE_AVX -DLV_HAVE_SSE -DHAVE_VISIBILITY_HIDDEN_CXX -mavx512f -mavx512cd -mavx512bw -mavx512dq -DLV_HAVE_AVX512   -fvisibility=hidden -o CMakeFiles/cmTC_c8fbc.dir/src.cxx.o -c /home/oaic/prach-agent/build_docker/CMakeFiles/CMakeTmp/src.cxx
Linking CXX executable cmTC_c8fbc
/usr/bin/cmake -E cmake_link_script CMakeFiles/cmTC_c8fbc.dir/link.txt --verbose=1
/usr/bin/c++   -Wall -Wno-comment -Wno-reorder -Wno-unused-variable -Wtype-limits -std=c++14 -fno-strict-aliasing -Wno-unused-but-set-variable -march=native -mfpmath=sse -mavx2 -DLV_HAVE_AVX2 -DLV_HAVE_AVX -DLV_HAVE_SSE -DHAVE_VISIBILITY_HIDDEN_CXX -mavx512f -mavx512cd -mavx512bw -mavx512dq -DLV_HAVE_AVX512    CMakeFiles/cmTC_c8fbc.dir/src.cxx.o  -o cmTC_c8fbc 
make[1]: Leaving directory '/home/oaic/prach-agent/build_docker/CMakeFiles/CMakeTmp'


Source file was:
int main() { return 0; }
Performing C SOURCE FILE Test HAVE_VISIBILITY_HIDDEN_C succeeded with the following output:
Change Dir: /home/oaic/prach-agent/build_docker/CMakeFiles/CMakeTmp

Run Build Command(s):/usr/bin/make cmTC_6a949/fast && /usr/bin/make -f CMakeFiles/cmTC_6a949.dir/build.make CMakeFiles/cmTC_6a949.dir/build
make[1]: Entering directory '/home/oaic/prach-agent/build_docker/CMakeFiles/CMakeTmp'
Building C object CMakeFiles/cmTC_6a949.dir/src.c.o
/usr/bin/cc   -march=native -Wall -Wno-comment -Wno-write-strings -Wno-unused-result -Wformat -Wmissing-field-initializers -Wtype-limits -std=c99 -fno-strict-aliasing -D_GNU_SOURCE -Wno-unused-but-set-variable -O3 -fno-trapping-math -fno-math-errno -DBUILD_TYPE_RELEASE -mfpmath=sse -mavx2 -DLV_HAVE_AVX2 -DLV_HAVE_AVX -DLV_HAVE_SSE -mfma -DLV_HAVE_FMA -mavx512f -mavx512cd -mavx512bw -mavx512dq -DLV_HAVE_AVX512 -Ofast -funroll-loops -DHAVE_VISIBILITY_HIDDEN_C  -march=native -Wall -Wno-comment -Wno-write-strings -Wno-unused-result -Wformat -Wmissing-field-initializers -Wtype-limits -std=c99 -fno-strict-aliasing -D_GNU_SOURCE -Wno-unused-but-set-variable -O3 -fno-trapping-math -fno-math-errno -DBUILD_TYPE_RELEASE -mfpmath=sse -mavx2 -DLV_HAVE_AVX2 -DLV_HAVE_AVX -DLV_HAVE_SSE -mfma -DLV_HAVE_FMA -mavx512f -mavx512cd -mavx512bw -mavx512dq -DLV_HAVE_AVX512 -Ofast -funroll-loops   -fvisibility=hidden -o CMakeFiles/cmTC_6a949.dir/src.c.o   -c /home/oaic/prach-agent/build_docker/CMakeFiles/CMakeTmp/src.c
Linking C executable cmTC_6a949
/usr/bin/cmake -E cmake_link_script CMakeFiles/cmTC_6a949.dir/link.txt --verbose=1
/usr/bin/cc  -march=native -Wall -Wno-comment -Wno-write-strings -Wno-unused-result -Wformat -Wmissing-field-initializers -Wtype-limits -std=c99 -fno-strict-aliasing -D_GNU_SOURCE -Wno-unused-but-set-variable -O3 -fno-trapping-math -fno-math-errno -DBUILD_TYPE_RELEASE -mfpmath=sse -mavx2 -DLV_HAVE_AVX2 -DLV_HAVE_AVX -DLV_HAVE_SSE -mfma -DLV_HAVE_FMA -mavx512f -mavx512cd -mavx512bw -mavx512dq -DLV_HAVE_AVX512 -Ofast -funroll-loops -DHAVE_VISIBILITY_HIDDEN_C  -march=native -Wall -Wno-comment -Wno-write-strings -Wno-unused-result -Wformat -Wmissing-field-initializers -Wtype-limits -std=c99 -fno-strict-aliasing -D_GNU_SOURCE -Wno-unused-but-set-variable -O3 -fno-trapping-math -fno-math-errno -DBUILD_TYPE_RELEASE -mfpmath=sse -mavx2 -DLV_HAVE_AVX2 -DLV_HAVE_AVX -DLV_HAVE_SSE -mfma -DLV_HAVE_FMA -mavx512f -mavx512cd -mavx512bw -mavx512dq -DLV_HAVE_AVX512 -Ofast -funroll-loops    CMakeFiles/cmTC_6a949.dir/src.c.o  -o cmTC_6a949 
make[1]: Leaving directory '/home/oaic/prach-agent/build_docker/CMakeFiles/CMakeTmp'


Source file was:
int main(void) { return 0; }
